[debug] [2019-01-21T01:01:49.940Z] ----------------------------------------------------------------------
[debug] [2019-01-21T01:01:49.942Z] Command:       /usr/local/Cellar/node/11.6.0/bin/node /usr/local/bin/firebase serve
[debug] [2019-01-21T01:01:49.943Z] CLI Version:   6.2.2
[debug] [2019-01-21T01:01:49.943Z] Platform:      darwin
[debug] [2019-01-21T01:01:49.943Z] Node Version:  v11.6.0
[debug] [2019-01-21T01:01:49.944Z] Time:          Sun Jan 20 2019 17:01:49 GMT-0800 (Pacific Standard Time)
[debug] [2019-01-21T01:01:49.944Z] ----------------------------------------------------------------------
[debug] 
[debug] [2019-01-21T01:01:49.953Z] > command requires scopes: ["email","openid","https://www.googleapis.com/auth/cloudplatformprojects.readonly","https://www.googleapis.com/auth/firebase","https://www.googleapis.com/auth/cloud-platform"]
[debug] [2019-01-21T01:01:49.954Z] > authorizing via signed-in user
[debug] [2019-01-21T01:01:49.954Z] [iam] checking project peakpodcasting for permissions ["firebase.projects.get"]
[debug] [2019-01-21T01:01:49.955Z] >>> HTTP REQUEST POST https://cloudresourcemanager.googleapis.com/v1/projects/peakpodcasting:testIamPermissions  

[debug] [2019-01-21T01:01:50.266Z] <<< HTTP RESPONSE 200
[debug] [2019-01-21T01:01:50.267Z] >>> HTTP REQUEST GET https://cloudresourcemanager.googleapis.com/v1/projects/peakpodcasting  
 
[debug] [2019-01-21T01:01:50.616Z] <<< HTTP RESPONSE 200
[info] 
[info] === Serving from '/Users/alexcampbell/Peak/firebase'...
[info] 
[info] i  functions: Preparing to emulate functions.
[debug] [2019-01-21T01:01:51.416Z] Fetching environment
[debug] [2019-01-21T01:01:51.419Z] >>> HTTP REQUEST GET https://mobilesdk-pa.googleapis.com/v1/projects/653244052966:getServerAppConfig  
 
[debug] [2019-01-21T01:01:51.420Z] >>> HTTP REQUEST GET https://mobilesdk-pa.googleapis.com/v1/projects/653244052966/clients/_:getWebAppConfig  
 
[debug] [2019-01-21T01:01:51.640Z] <<< HTTP RESPONSE 200
[debug] [2019-01-21T01:01:51.641Z] Starting @google-cloud/functions-emulator
[debug] [2019-01-21T01:01:51.669Z] <<< HTTP RESPONSE 200
[info] i  hosting: Serving hosting files from: dist/firebase
[info] ✔  hosting: Local server: http://localhost:5000
[debug] [2019-01-21T01:01:53.180Z] Parsing function triggers
[warn] ⚠  functions: Failed to load functions source code. Ensure that you have the latest SDK by running npm i --save firebase-functions inside the functions directory.
[debug] [2019-01-21T01:01:53.268Z] Error during trigger parsing:  Error parsing triggers: Cannot find module '/Users/alexcampbell/Peak/firebase/functions'

Try running "npm install" in your functions directory before deploying.
[warn] ⚠  functions: Error from emulator. Error parsing triggers: Cannot find module '/Users/alexcampbell/Peak/firebase/functions'

Try running "npm install" in your functions directory before deploying.
[debug] [2019-01-21T01:01:53.269Z] 
